<?xml version="1.0" encoding="UTF-8"?>
<!-- Generated by org.testng.reporters.JUnitReportReporter -->
<testsuite hostname="user-PC" failures="0" tests="4" name="com.maven1.org.Grouping_Concepts" time="6.792" errors="0" timestamp="2021-06-12T19:28:00 IST" skipped="0">
  <testcase classname="com.maven1.org.Grouping_Concepts" name="Login" time="1.479"/>
  <system-out/>
  <testcase classname="com.maven1.org.Grouping_Concepts" name="Booking" time="2.985"/>
  <system-out/>
  <testcase classname="com.maven1.org.Grouping_Concepts" name="radioButton" time="0.930"/>
  <system-out/>
  <testcase classname="com.maven1.org.Grouping_Concepts" name="details" time="1.398"/>
  <system-out/>
</testsuite> <!-- com.maven1.org.Grouping_Concepts -->
