<?xml version="1.0" encoding="UTF-8"?>
<!-- Generated by org.testng.reporters.JUnitReportReporter -->
<testsuite hostname="user-PC" failures="0" tests="4" name="com.maven1.org.Ignore_Concepts" time="42.404" errors="0" timestamp="2021-06-13T21:30:57 IST" skipped="0">
  <testcase classname="com.maven1.org.Ignore_Concepts" name="oneplus" time="12.812"/>
  <system-out/>
  <testcase classname="com.maven1.org.Ignore_Concepts" name="iphone" time="0.669"/>
  <system-out/>
  <testcase classname="com.maven1.org.Ignore_Concepts" name="addTo" time="28.701"/>
  <system-out/>
  <testcase classname="com.maven1.org.Ignore_Concepts" name="total" time="0.222"/>
  <system-out/>
</testsuite> <!-- com.maven1.org.Ignore_Concepts -->
