<?xml version="1.0" encoding="UTF-8"?>
<!-- Generated by org.testng.reporters.JUnitReportReporter -->
<testsuite hostname="user-PC" failures="0" tests="2" name="com.maven1.org.Grouping" time="1.056" errors="0" timestamp="2021-06-13T22:52:09 IST" skipped="0">
  <testcase classname="com.maven1.org.Grouping" name="test1" time="0.165"/>
  <system-out/>
  <testcase classname="com.maven1.org.Grouping" name="test2" time="0.891"/>
  <system-out/>
</testsuite> <!-- com.maven1.org.Grouping -->
