<?xml version="1.0" encoding="UTF-8"?>
<!-- Generated by org.testng.reporters.JUnitReportReporter -->
<testsuite hostname="user-PC" failures="0" tests="4" name="com.maven1.org.Simple_Annotations" time="13.054" errors="0" timestamp="2021-06-13T19:52:57 IST" skipped="0">
  <testcase classname="com.maven1.org.Simple_Annotations" name="Login" time="4.361"/>
  <system-out/>
  <testcase classname="com.maven1.org.Simple_Annotations" name="Booking" time="5.550"/>
  <system-out/>
  <testcase classname="com.maven1.org.Simple_Annotations" name="radioButton" time="1.332"/>
  <system-out/>
  <testcase classname="com.maven1.org.Simple_Annotations" name="details" time="1.811"/>
  <system-out/>
</testsuite> <!-- com.maven1.org.Simple_Annotations -->
